896236066
896236066
896236066
896236066
896236066
896236066
896236066
896236066
896236066
896236066
896236066
896236066
896236066
896236066
896236066
896236066
896236066
896236066
896236066
896236066
896236066
896236066
896236066
896236066
896236066
896236066
896236066
896236066
896236066
896236066
896236066
896236066
896236066
896236066
896236066
896236066
896236066
896236066
896236066
896236066
896236066
896236066
896236066
896236066
896236066
896236066
896236066
896236066
896236066
896236066
