1974
170
2440
255
740
1692
210
1560
214
452
288
714
495
1568
118
847
1260
1947
5168
10780
770
2010
1500
2868
1100
9352
3388
912
498
72
8652
441
18
412
245
417
420
148
814
9900
1180
2180
4200
39
5572
472
4240
1912
1585
81
1188
256
910
774
448
2585
531
160
2720
132
968
608
14592
2324
348
3352
1155
5292
620
1765
702
764
145
260
6540
3948
180
847
1536
1524
1268
7112
3216
1004
624
66454
7344
2268
1926
495
816
782
1134
2700
770
1124
1800
1482
1257
783
1200
424
932
738
1092
597
66
1750
5061
446
654
1040
228
202
4928
460
16
222
759
936
1284
1653
10458
8421
180
820
546
732
17112
726
325
8742
1011
724
878
2658
9396
1431
26
5280
2376
1292
1065
1532
414
1408
25
724
4239
275
172
4092
620
732
852
1326
994
2736
1083
1885
952
1100
1044
744
552
1128
2412
1881
2223
575
204
2448
264
420
972
234
57
8464
424
1816
1068
624
304
968
1038
630
1990
5745
5842
540
3444
862
561
2618
1040
915
390
17556
4550
2639
2200
1462
200
1688
280
698
1995
896
2128
361
10803
834
756
4922
492
420
529
1524
52
636
810
2605
2814
462
270
1494
212
1356
2370
1775
462
477
981
9216
291
622
8960
1008
1704
490
570
2727
5250
1256
1251
2494
1736
2268
1280
489
236
1580
1461
3321
1143
2920
17427
348
7040
3080
594
350
14976
2167
3618
1948
1008
354
784
963
813
3016
468
606
16016
1636
1670
110
252
3081
1074
1791
490
954
2012
49
21978
742
4620
1035
104
966
2500
684
1584
666
660
261
955
4992
3042
1610
3018
864
282
420
1332
635
1288
472
2706
792
1660
255
840
31500
5837
76440
1562
86
1218
550
2208
174
1302
1004
1328
240
708
465
1125
1944
1690
1233
432
3825
672
1890
552
2160
1182
580
568
7200
855
1422
1345
1014
144
626
8836
5304
2135
1396
2989
1134
234
996
2664
1512
278
42230
196
351
578
243
576
26
20584
112
3096
2028
13203
678
927
72
5356
5439
282
772
1092
543
612
472
1124
10125
936
2830
3600
864
690
1272
244
1980
672
2055
23460
1068
164
2880
438
798
898
1048
632
651
1038
1056
688
1344
2209
4576
660
120
2296
1500
4290
2455
7560
724
2742
488
92
1512
945
702
230
1710
1432
2583
1353
171
2688
400
309
1050
140
438
848
220
114
1856
2976
3113
497
423
584
2230
380
420
14
516
20
429
11325
176
1674
553
1028
370
556
1053
736
18928
318
500
2180
795
342
2904
5577
884
20466
1332
2832
48400
1796
1560
1422
1248
270
678
1254
1140
756
3380
648
693
720
1244
4080
8415
5424
416
1030
6612
1272
27612
340
2783
1215
1395
938
972
1018
1020
1800
1590
447
408
3940
230
900
996
390
676
964
565
540
7616
774
1218
12834
2187
4810
3792
420
18
17072
1748
840
819
2376
1711
1260
1578
1076
1008
1401
69
165
404
843
152
1344
1436
632
596
456
1008
210
1185
2618
1720
1185
156
276
938
472
2296
60
630
920
470
582
894
1844
664
1464
636
12
2772
810
6
2892
1848
894
112
992
1260
169
4970
999
528
3321
2460
1092
6555
1148
10800
198
174
1520
420
692
1760
750
794
37248
302
240
2280
2250
832
780
5780
4832
980
9620
1975
321
734
990
352
2394
351
8450
1790
340
1060
700
342
282
189
1528
4
564
3040
422
1612
1134
944
2004
1566
1212
2375
2370
576
4860
777
28
2802
196
2256
366
1140
483
4718
564
9153
1190
268
312
1080
932
1045
936
1408
8740
1180
208
33950
1080
1413
867
910
916
852
912
12
1812
1008
958
944
342
2504
7828
324
106
3682
415
10472
3730
282
1155
46
483
2280
43056
960
1140
10
138
978
5655
1018
1212
2947
1155
368
1075
1080
4284
486
3094
1332
273
342
3996
7821
1260
207
704
810
204
1612
1079
2532
9568
952
141
1088
3384
153
156
1076
1854
3220
1230
609
320
350
1188
20339
564
2910
488
4188
828
1856
620
2490
1515
216
720
1328
568
4392
2088
324
1404
540
908
1352
1785
144
600
837
675
820
1743
1660
174
747
741
744
933
472
2080
336
464
1820
718
256
1360
1506
1230
894
9540
204
1296
1928
1207
868
282
1694
472
4510
170
276
468
1119
1755
108
862
651
501
6286
680
2598
1998
75
720
4100
5205
210
2425
1756
408
384
504
831
806
2384
2410
98
1362
736
2247
891
815
1011
160
1704
1625
125
2282
2704
100
656
964
867
20336
504
324
7546
80089
1326
1156
1227
375
429
2598
1218
1086
544
1360
4764
1224
8100
1167
12
2330
204
810
573
465
381
1724
485
2736
272
560
912
108
1660
912
171
51
918
2132
148
486
1768
1076
936
528
985
72
840
6
207025
178
5151
13203
6987
25
441
976
80
1392
2115
918
450
565
159
477
1325
372
410
22631
668
1596
1208
1530
1473
402
9112
778
1515
810
396
1530
3006
2250
687
2044
11556
1296
912
1710
858
628
1285
1503
636
1470
2224
3704
2112
824
588
14792
4482
944
1080
216
754
3510
14706
8200
770
1582
228
926
975
15584
121
432
115
248
6958
999
1048
836
3645
670
1076
192
1044
888
711
1936
2700
1071
714
1902
1980
1666
9500
162
1030
124
3296
672
804
162
1383
640
8976
1060
204
777
1107
8216
704
34580
2650
498
1074
2116
570
5348
714
8177
684
1705
3768
136
4806
